;  LST file generated by mikroListExporter - v.2.0 
; Date/Time: 4/19/2023 11:42:00 PM
;----------------------------------------------

;Address Opcode 	ASM
0x0000	0xF000EF31  	GOTO        98
_interrupt:
;MyProject.c,10 :: 		void interrupt(){
0x0008	0xF017C00B  	MOVFF       R11, 23
0x000C	0xF016C00C  	MOVFF       R12, 22
0x0010	0xF015C00D  	MOVFF       R13, 21
;MyProject.c,11 :: 		if(INTCON.B1){
0x0014	0xA2F2      	BTFSS       INTCON, 1 
0x0016	0xD010      	BRA         L_interrupt0
;MyProject.c,12 :: 		portc.b0 =~ portc.b0 ;
0x0018	0x7082      	BTG         PORTC, 0 
;MyProject.c,13 :: 		delay_ms(1000);
0x001A	0x0E0B      	MOVLW       11
0x001C	0x6E0B      	MOVWF       R11, 0
0x001E	0x0E26      	MOVLW       38
0x0020	0x6E0C      	MOVWF       R12, 0
0x0022	0x0E5D      	MOVLW       93
0x0024	0x6E0D      	MOVWF       R13, 0
L_interrupt1:
0x0026	0x2E0D      	DECFSZ      R13, 1, 0
0x0028	0xD7FE      	BRA         L_interrupt1
0x002A	0x2E0C      	DECFSZ      R12, 1, 0
0x002C	0xD7FC      	BRA         L_interrupt1
0x002E	0x2E0B      	DECFSZ      R11, 1, 0
0x0030	0xD7FA      	BRA         L_interrupt1
0x0032	0x0000      	NOP
0x0034	0x0000      	NOP
;MyProject.c,14 :: 		INTCON.B1=0;
0x0036	0x92F2      	BCF         INTCON, 1 
;MyProject.c,15 :: 		}
L_interrupt0:
;MyProject.c,16 :: 		}
L_end_interrupt:
L__interrupt6:
0x0038	0xF00BC017  	MOVFF       23, R11
0x003C	0xF00CC016  	MOVFF       22, R12
0x0040	0xF00DC015  	MOVFF       21, R13
0x0044	0x0011      	RETFIE      1
; end of _interrupt
_interrupt_init:
;MyProject.c,41 :: 		void interrupt_init(){
;MyProject.c,42 :: 		ADCON1=0b00001111;
0x0046	0x0E0F      	MOVLW       15
0x0048	0x6EC1      	MOVWF       ADCON1 
;MyProject.c,43 :: 		trisb.b0=1 ;
0x004A	0x8093      	BSF         TRISB, 0 
;MyProject.c,45 :: 		INTCON.B7=1;   // glopal interrupt
0x004C	0x8EF2      	BSF         INTCON, 7 
;MyProject.c,46 :: 		INTCON.B6=1;
0x004E	0x8CF2      	BSF         INTCON, 6 
;MyProject.c,48 :: 		INTCON2.B6=1;      //RISIG EDG
0x0050	0x8CF1      	BSF         INTCON2, 6 
;MyProject.c,49 :: 		INTCON2.B7=1;
0x0052	0x8EF1      	BSF         INTCON2, 7 
;MyProject.c,50 :: 		INTCON.B4=1;          //ENABLE
0x0054	0x88F2      	BSF         INTCON, 4 
;MyProject.c,52 :: 		}
L_end_interrupt_init:
0x0056	0x0012      	RETURN      0
; end of _interrupt_init
_setup_pin:
;MyProject.c,31 :: 		void setup_pin(){
;MyProject.c,32 :: 		trisc.b0= 0 ;
0x0058	0x9094      	BCF         TRISC, 0 
;MyProject.c,33 :: 		portc.b0= 0;
0x005A	0x9082      	BCF         PORTC, 0 
;MyProject.c,35 :: 		trisc.b1= 0 ;
0x005C	0x9294      	BCF         TRISC, 1 
;MyProject.c,36 :: 		portc.b1= 0;
0x005E	0x9282      	BCF         PORTC, 1 
;MyProject.c,37 :: 		}
L_end_setup_pin:
0x0060	0x0012      	RETURN      0
; end of _setup_pin
_main:
;MyProject.c,20 :: 		void main() {
;MyProject.c,21 :: 		setup_pin();
0x0062	0xDFFA      	RCALL       _setup_pin
;MyProject.c,22 :: 		interrupt_init();
0x0064	0xDFF0      	RCALL       _interrupt_init
;MyProject.c,23 :: 		while(1){
L_main2:
;MyProject.c,24 :: 		portc.b1 =~ portc.b1;
0x0066	0x7282      	BTG         PORTC, 1 
;MyProject.c,25 :: 		delay_ms(1000);
0x0068	0x0E0B      	MOVLW       11
0x006A	0x6E0B      	MOVWF       R11, 0
0x006C	0x0E26      	MOVLW       38
0x006E	0x6E0C      	MOVWF       R12, 0
0x0070	0x0E5D      	MOVLW       93
0x0072	0x6E0D      	MOVWF       R13, 0
L_main4:
0x0074	0x2E0D      	DECFSZ      R13, 1, 0
0x0076	0xD7FE      	BRA         L_main4
0x0078	0x2E0C      	DECFSZ      R12, 1, 0
0x007A	0xD7FC      	BRA         L_main4
0x007C	0x2E0B      	DECFSZ      R11, 1, 0
0x007E	0xD7FA      	BRA         L_main4
0x0080	0x0000      	NOP
0x0082	0x0000      	NOP
;MyProject.c,26 :: 		}
0x0084	0xD7F0      	BRA         L_main2
;MyProject.c,27 :: 		}
L_end_main:
0x0086	0xD7FF      	BRA         $+0
; end of _main
Symbol List:
//** Routines locations **
//ADDRESS    SIZE    PROCEDURE
//----------------------------------------------
0x0008      [62]    _interrupt
0x0046      [18]    _interrupt_init
0x0058      [10]    _setup_pin
0x0062      [38]    _main
//** Variables locations ** 
//ADDRESS    SIZE    VARIABLE
//----------------------------------------------
0x0000       [1]    R0
0x0001       [1]    R1
0x0002       [1]    R2
0x0003       [1]    R3
0x0004       [1]    R4
0x0005       [1]    R5
0x0006       [1]    R6
0x0007       [1]    R7
0x0008       [1]    R8
0x0009       [1]    R9
0x000A       [1]    R10
0x000B       [1]    R11
0x000C       [1]    R12
0x000D       [1]    R13
0x000E       [1]    R14
0x000F       [1]    R15
0x0010       [1]    R16
0x0011       [1]    R17
0x0012       [1]    R18
0x0013       [1]    R19
0x0014       [1]    R20
0x0F82       [1]    PORTC
0x0F93       [1]    TRISB
0x0F94       [1]    TRISC
0x0FC1       [1]    ADCON1
0x0FD8       [1]    STATUS
0x0FD9       [1]    FSR2L
0x0FDA       [1]    FSR2H
0x0FDE       [1]    POSTINC2
0x0FE0       [1]    BSR
0x0FE1       [1]    FSR1L
0x0FE2       [1]    FSR1H
0x0FE4       [1]    PREINC1
0x0FE6       [1]    POSTINC1
0x0FE7       [1]    INDF1
0x0FE8       [1]    WREG
0x0FE9       [1]    FSR0L
0x0FEA       [1]    FSR0H
0x0FEE       [1]    POSTINC0
0x0FF1       [1]    INTCON2
0x0FF2       [1]    INTCON
0x0FF3       [1]    PRODL
0x0FF4       [1]    PRODH
0x0FF5       [1]    TABLAT
0x0FF6       [1]    TBLPTRL
0x0FF7       [1]    TBLPTRH
0x0FF8       [1]    TBLPTRU
