;  LST file generated by mikroListExporter - v.2.0 
; Date/Time: 4/23/2023 4:35:59 PM
;----------------------------------------------

;Address Opcode 	ASM
0x0000	0xF000EF1B  	GOTO        54
0x0004	0x0000      	NOP
0x0006	0x0000      	NOP
0x0008	0xF000EF00  	GOTO        0
0x000C	0x0000      	NOP
0x000E	0x0000      	NOP
0x0010	0x0000      	NOP
0x0012	0x0000      	NOP
0x0014	0x0000      	NOP
0x0016	0x0000      	NOP
0x0018	0xD7F3      	BRA         0
_int_pin:
;my_project.c,23 :: 		void int_pin(){
;my_project.c,24 :: 		portc=0;
0x001C	0x6A82      	CLRF        PORTC 
;my_project.c,25 :: 		trisc=0;
0x001E	0x6A94      	CLRF        TRISC 
;my_project.c,26 :: 		portd= 0;
0x0020	0x6A83      	CLRF        PORTD 
;my_project.c,27 :: 		trisd=0;
0x0022	0x6A95      	CLRF        TRISD 
;my_project.c,29 :: 		}
L_end_int_pin:
0x0024	0x0012      	RETURN      0
; end of _int_pin
___CC2DW:
;__Lib_System.c,21 :: 		
;__Lib_System.c,23 :: 		
_CC2DL_Loop1:
;__Lib_System.c,24 :: 		
0x0026	0x0009      	TBLRD*+
;__Lib_System.c,25 :: 		
0x0028	0xFFE6CFF5  	MOVFF       TABLAT, POSTINC1
;__Lib_System.c,26 :: 		
0x002C	0x0600      	DECF        R0, 1, 0
;__Lib_System.c,27 :: 		
0x002E	0xE1FB      	BNZ         _CC2DL_Loop1
;__Lib_System.c,28 :: 		
0x0030	0x0601      	DECF        R1, 1, 0
;__Lib_System.c,29 :: 		
0x0032	0xE1F9      	BNZ         _CC2DL_Loop1
;__Lib_System.c,31 :: 		
L_end___CC2DW:
0x0034	0x0012      	RETURN      0
; end of ___CC2DW
_main:
;my_project.c,5 :: 		void main() {
;my_project.c,6 :: 		int_pin();
0x0036	0xDFF2      	RCALL       _int_pin
;my_project.c,7 :: 		while(1){
L_main0:
;my_project.c,10 :: 		for(i=1 ; i < 10 ; i++){
0x0038	0x0E01      	MOVLW       1
0x003A	0x6E15      	MOVWF       main_i_L1 
0x003C	0x0E00      	MOVLW       0
0x003E	0x6E16      	MOVWF       main_i_L1+1 
L_main2:
0x0040	0x0E80      	MOVLW       128
0x0042	0x1816      	XORWF       main_i_L1+1, 0 
0x0044	0x6E00      	MOVWF       R0 
0x0046	0x0E80      	MOVLW       128
0x0048	0x5C00      	SUBWF       R0, 0 
0x004A	0xE102      	BNZ         L__main10
0x004C	0x0E0A      	MOVLW       10
0x004E	0x5C15      	SUBWF       main_i_L1, 0 
L__main10:
0x0050	0xE223      	BC          L_main3
;my_project.c,11 :: 		for( j=0 ; j<10 ;j++){
0x0052	0x6A17      	CLRF        main_j_L1 
0x0054	0x6A18      	CLRF        main_j_L1+1 
L_main5:
0x0056	0x0E80      	MOVLW       128
0x0058	0x1818      	XORWF       main_j_L1+1, 0 
0x005A	0x6E00      	MOVWF       R0 
0x005C	0x0E80      	MOVLW       128
0x005E	0x5C00      	SUBWF       R0, 0 
0x0060	0xE102      	BNZ         L__main11
0x0062	0x0E0A      	MOVLW       10
0x0064	0x5C17      	SUBWF       main_j_L1, 0 
L__main11:
0x0066	0xE213      	BC          L_main6
;my_project.c,12 :: 		portc=(j<<0);
0x0068	0xFF82C017  	MOVFF       main_j_L1, PORTC
;my_project.c,13 :: 		delay_ms(300);
0x006C	0x0E04      	MOVLW       4
0x006E	0x6E0B      	MOVWF       R11, 0
0x0070	0x0E0C      	MOVLW       12
0x0072	0x6E0C      	MOVWF       R12, 0
0x0074	0x0E33      	MOVLW       51
0x0076	0x6E0D      	MOVWF       R13, 0
L_main8:
0x0078	0x2E0D      	DECFSZ      R13, 1, 0
0x007A	0xD7FE      	BRA         L_main8
0x007C	0x2E0C      	DECFSZ      R12, 1, 0
0x007E	0xD7FC      	BRA         L_main8
0x0080	0x2E0B      	DECFSZ      R11, 1, 0
0x0082	0xD7FA      	BRA         L_main8
0x0084	0x0000      	NOP
0x0086	0x0000      	NOP
;my_project.c,11 :: 		for( j=0 ; j<10 ;j++){
0x0088	0x4A17      	INFSNZ      main_j_L1, 1 
0x008A	0x2A18      	INCF        main_j_L1+1, 1 
;my_project.c,14 :: 		}
0x008C	0xD7E4      	BRA         L_main5
L_main6:
;my_project.c,15 :: 		portd=(i<<0);
0x008E	0xFF83C015  	MOVFF       main_i_L1, PORTD
;my_project.c,10 :: 		for(i=1 ; i < 10 ; i++){
0x0092	0x4A15      	INFSNZ      main_i_L1, 1 
0x0094	0x2A16      	INCF        main_i_L1+1, 1 
;my_project.c,17 :: 		}
0x0096	0xD7D4      	BRA         L_main2
L_main3:
;my_project.c,20 :: 		}
0x0098	0xD7CF      	BRA         L_main0
;my_project.c,21 :: 		}
L_end_main:
0x009A	0xD7FF      	BRA         $+0
; end of _main
Symbol List:
//** Routines locations **
//ADDRESS    SIZE    PROCEDURE
//----------------------------------------------
0x001C      [10]    _int_pin
0x0026      [16]    ___CC2DW
0x0036     [102]    _main
//** Variables locations ** 
//ADDRESS    SIZE    VARIABLE
//----------------------------------------------
0x0000       [1]    R0
0x0001       [1]    R1
0x0002       [1]    R2
0x0003       [1]    R3
0x0004       [1]    R4
0x0005       [1]    R5
0x0006       [1]    R6
0x0007       [1]    R7
0x0008       [1]    R8
0x0009       [1]    R9
0x000A       [1]    R10
0x000B       [1]    R11
0x000C       [1]    R12
0x000D       [1]    R13
0x000E       [1]    R14
0x000F       [1]    R15
0x0010       [1]    R16
0x0011       [1]    R17
0x0012       [1]    R18
0x0013       [1]    R19
0x0014       [1]    R20
0x0015       [2]    main_i_L1
0x0017       [2]    main_j_L1
0x0F82       [1]    PORTC
0x0F83       [1]    PORTD
0x0F94       [1]    TRISC
0x0F95       [1]    TRISD
0x0FD8       [1]    STATUS
0x0FD9       [1]    FSR2L
0x0FDA       [1]    FSR2H
0x0FDE       [1]    POSTINC2
0x0FE0       [1]    BSR
0x0FE1       [1]    FSR1L
0x0FE2       [1]    FSR1H
0x0FE4       [1]    PREINC1
0x0FE6       [1]    POSTINC1
0x0FE7       [1]    INDF1
0x0FE8       [1]    WREG
0x0FE9       [1]    FSR0L
0x0FEA       [1]    FSR0H
0x0FEE       [1]    POSTINC0
0x0FF3       [1]    PRODL
0x0FF4       [1]    PRODH
0x0FF5       [1]    TABLAT
0x0FF6       [1]    TBLPTRL
0x0FF7       [1]    TBLPTRH
0x0FF8       [1]    TBLPTRU
